\BOOKMARK [0][-]{chapter*.4}{List\040of\040codes}{}% 1
\BOOKMARK [0][-]{chapter*.5}{List\040of\040figures}{}% 2
\BOOKMARK [0][-]{chapter*.6}{List\040of\040tables}{}% 3
\BOOKMARK [0][-]{chapter.1}{Introduction}{}% 4
\BOOKMARK [1][-]{section.1.1}{Topics\040covered\040and\040motivation}{chapter.1}% 5
\BOOKMARK [2][-]{subsection.1.1.1}{Gaussian\040processes}{section.1.1}% 6
\BOOKMARK [2][-]{subsection.1.1.2}{Windkessel\040model}{section.1.1}% 7
\BOOKMARK [2][-]{subsection.1.1.3}{Justification\040of\040the\040topic}{section.1.1}% 8
\BOOKMARK [1][-]{section.1.2}{Organization\040of\040the\040work}{chapter.1}% 9
\BOOKMARK [2][-]{subsection.1.2.1}{Sources}{section.1.2}% 10
\BOOKMARK [2][-]{subsection.1.2.2}{Images}{section.1.2}% 11
\BOOKMARK [2][-]{subsection.1.2.3}{Code}{section.1.2}% 12
\BOOKMARK [2][-]{subsection.1.2.4}{Structure\040of\040the\040work}{section.1.2}% 13
\BOOKMARK [0][-]{chapter.2}{Gaussian\040distribution}{}% 14
\BOOKMARK [1][-]{section.2.1}{Univariate\040Gaussian\040distribution}{chapter.2}% 15
\BOOKMARK [1][-]{section.2.2}{Multivariate\040Gaussian\040distribution}{chapter.2}% 16
\BOOKMARK [1][-]{section.2.3}{Correlation\040for\040multivariate\040vectors}{chapter.2}% 17
\BOOKMARK [0][-]{chapter.3}{Gaussian\040processes}{}% 18
\BOOKMARK [1][-]{section.3.1}{Definition\040and\040motivation}{chapter.3}% 19
\BOOKMARK [1][-]{section.3.2}{Introduction\040to\040Gaussian\040processes\040and\040notation}{chapter.3}% 20
\BOOKMARK [1][-]{section.3.3}{On\040covariance\040functions}{chapter.3}% 21
\BOOKMARK [2][-]{subsection.3.3.1}{Linear\040kernel}{section.3.3}% 22
\BOOKMARK [2][-]{subsection.3.3.2}{Squared-exponential\040kernel}{section.3.3}% 23
\BOOKMARK [2][-]{subsection.3.3.3}{Periodic\040kernel}{section.3.3}% 24
\BOOKMARK [2][-]{subsection.3.3.4}{Covariance\040function\040in\040more\040dimensions}{section.3.3}% 25
\BOOKMARK [2][-]{subsection.3.3.5}{Combining\040covariance\040functions}{section.3.3}% 26
\BOOKMARK [1][-]{section.3.4}{Predictions\040with\040noiseless\040observations}{chapter.3}% 27
\BOOKMARK [1][-]{section.3.5}{Predictions\040with\040noisy\040observations}{chapter.3}% 28
\BOOKMARK [0][-]{chapter.4}{Machine\040learning}{}% 29
\BOOKMARK [1][-]{section.4.1}{Introduction\040to\040machine\040learning}{chapter.4}% 30
\BOOKMARK [1][-]{section.4.2}{Dataset}{chapter.4}% 31
\BOOKMARK [2][-]{subsection.4.2.1}{Loss\040function}{section.4.2}% 32
\BOOKMARK [1][-]{section.4.3}{Parametric\040and\040non-parametric\040models}{chapter.4}% 33
\BOOKMARK [2][-]{subsection.4.3.1}{Parametric\040models}{section.4.3}% 34
\BOOKMARK [2][-]{subsection.4.3.2}{Non-parametric\040models}{section.4.3}% 35
\BOOKMARK [2][-]{subsection.4.3.3}{Hierarchical\040structure}{section.4.3}% 36
\BOOKMARK [1][-]{section.4.4}{Optimisation\040of\040hyperparameters}{chapter.4}% 37
\BOOKMARK [2][-]{subsection.4.4.1}{Bayesian\040inference}{section.4.4}% 38
\BOOKMARK [2][-]{subsection.4.4.2}{Bayes'\040Theorem}{section.4.4}% 39
\BOOKMARK [2][-]{subsection.4.4.3}{Bayesian\040evidence}{section.4.4}% 40
\BOOKMARK [2][-]{subsection.4.4.4}{Alternatives\040to\040Bayesian\040evidence}{section.4.4}% 41
\BOOKMARK [2][-]{subsection.4.4.5}{In\040Gaussian\040processes}{section.4.4}% 42
\BOOKMARK [1][-]{section.4.5}{Optimisation\040method}{chapter.4}% 43
\BOOKMARK [2][-]{subsection.4.5.1}{Form\040of\040the\040function\040to\040be\040optimised}{section.4.5}% 44
\BOOKMARK [2][-]{subsection.4.5.2}{Learning\040rate}{section.4.5}% 45
\BOOKMARK [2][-]{subsection.4.5.3}{Gradient\040method\040ruder2022}{section.4.5}% 46
\BOOKMARK [2][-]{subsection.4.5.4}{Stochastic\040gradient\040descent\040bottou2012stochastic}{section.4.5}% 47
\BOOKMARK [2][-]{subsection.4.5.5}{Method\040of\040moments\040ruder2022}{section.4.5}% 48
\BOOKMARK [2][-]{subsection.4.5.6}{AdaGrad\040JMLR:v12:duchi11a}{section.4.5}% 49
\BOOKMARK [2][-]{subsection.4.5.7}{Adam\040kingmaadam2017}{section.4.5}% 50
\BOOKMARK [0][-]{chapter.5}{Windkessel\040model}{}% 51
\BOOKMARK [1][-]{section.5.1}{Introduction}{chapter.5}% 52
\BOOKMARK [1][-]{section.5.2}{Concepts\040of\040physiology}{chapter.5}% 53
\BOOKMARK [2][-]{subsection.5.2.1}{Cardiac\040cycle}{section.5.2}% 54
\BOOKMARK [2][-]{subsection.5.2.2}{Useful\040terminology}{section.5.2}% 55
\BOOKMARK [2][-]{subsection.5.2.3}{Windkessel\040effect}{section.5.2}% 56
\BOOKMARK [1][-]{section.5.3}{Two-element\040Windkessel\040model}{chapter.5}% 57
\BOOKMARK [2][-]{subsection.5.3.1}{Definition\040of\040the\040model}{section.5.3}% 58
\BOOKMARK [2][-]{subsection.5.3.2}{Compliance\040estimation}{section.5.3}% 59
\BOOKMARK [2][-]{subsection.5.3.3}{Estimation\040of\040compliance\040and\040resistance}{section.5.3}% 60
\BOOKMARK [1][-]{section.5.4}{Periodic\040forcing}{chapter.5}% 61
\BOOKMARK [2][-]{subsection.5.4.1}{Application\040to\040the\040Windkessel\040model}{section.5.4}% 62
\BOOKMARK [2][-]{subsection.5.4.2}{Running\040time}{section.5.4}% 63
\BOOKMARK [1][-]{section.5.5}{Local\040sensitivity\040analysis}{chapter.5}% 64
\BOOKMARK [0][-]{chapter.6}{Methodology\040and\040results\040training}{}% 65
\BOOKMARK [1][-]{section.6.1}{Regression\040problem}{chapter.6}% 66
\BOOKMARK [1][-]{section.6.2}{Details\040of\040the\040training}{chapter.6}% 67
\BOOKMARK [2][-]{subsection.6.2.1}{GPErks}{section.6.2}% 68
\BOOKMARK [2][-]{subsection.6.2.2}{Gaussian\040process}{section.6.2}% 69
\BOOKMARK [2][-]{subsection.6.2.3}{Hyperparameter\040optimization}{section.6.2}% 70
\BOOKMARK [2][-]{subsection.6.2.4}{Input\040dataset}{section.6.2}% 71
\BOOKMARK [1][-]{section.6.3}{Training\040results}{chapter.6}% 72
\BOOKMARK [2][-]{subsection.6.3.1}{Mean\040arterial\040pressure\040\(MAP\)}{section.6.3}% 73
\BOOKMARK [2][-]{subsection.6.3.2}{Diastolic\040blood\040pressure\040\(DBP\)}{section.6.3}% 74
\BOOKMARK [2][-]{subsection.6.3.3}{Pulse\040pressure\040\(PP\)}{section.6.3}% 75
\BOOKMARK [2][-]{subsection.6.3.4}{Systolic\040blood\040pressure\040\(SBP\)}{section.6.3}% 76
\BOOKMARK [1][-]{section.6.4}{Running\040time:\040approximation\040of\040MAP,\040DBP,\040SBP,\040PP}{chapter.6}% 77
\BOOKMARK [0][-]{chapter.7}{Conclusions\040and\040future\040directions}{}% 78
\BOOKMARK [1][-]{section.7.1}{Conclusions}{chapter.7}% 79
\BOOKMARK [1][-]{section.7.2}{Future\040directions}{chapter.7}% 80
\BOOKMARK [0][-]{chapter*.155}{Bibliography}{}% 81
\BOOKMARK [0][-]{chapter*.156}{Appendix}{}% 82
